2026-05-13 16:45:35,162 - INFO - ======================================================================
2026-05-13 16:45:35,163 - INFO - MIGRATION XOF → USD/EUR
2026-05-13 16:45:35,163 - INFO - ======================================================================
2026-05-13 16:45:35,163 - INFO - Mode : RÉEL
2026-05-13 16:45:35,163 - INFO - Taux : 1 USD = 625 XOF, 1 EUR = 655.957 XOF
2026-05-13 16:45:35,164 - INFO - ======================================================================
2026-05-13 16:45:35,799 - INFO - 🔒 CRÉATION DU BACKUP...
2026-05-13 16:45:39,408 - INFO - ✅ Backup créé : backup_xof_20260513_164539.json
2026-05-13 16:45:39,411 - INFO -    - 77 utilisateurs
2026-05-13 16:45:39,411 - INFO -    - 43 dépôts
2026-05-13 16:45:39,412 - INFO -    - 8 investissements actifs
2026-05-13 16:45:39,412 - INFO -    - 9 commissions
2026-05-13 16:45:39,413 - INFO -    - 5 retraits
2026-05-13 16:45:39,413 - INFO -    - 0 staking actifs
2026-05-13 16:45:39,413 - INFO - 💱 MIGRATION DES UTILISATEURS (solde_total XOF → USD)...
2026-05-13 16:45:40,010 - INFO -    ✓ User 86 (98254088): 1000.0 XOF → 1.60 USD
2026-05-13 16:45:40,178 - INFO -    ✓ User 1 (71609808): 1000.0 XOF → 1.60 USD
2026-05-13 16:45:40,338 - INFO -    ✓ User 2 (99099065): 1000.0 XOF → 1.60 USD
2026-05-13 16:45:40,487 - INFO -    ✓ User 9 (97322901): 1000.0 XOF → 1.60 USD
2026-05-13 16:45:40,668 - INFO -    ✓ User 10 (98779082): 1000.0 XOF → 1.60 USD
2026-05-13 16:45:40,819 - INFO -    ✓ User 75 (93936936): 1000.0 XOF → 1.60 USD
2026-05-13 16:45:40,971 - INFO -    ✓ User 26 (54598249): 5400.0 XOF → 8.64 USD
2026-05-13 16:45:41,120 - INFO -    ✓ User 29 (90966979): 1000.0 XOF → 1.60 USD
2026-05-13 16:45:41,282 - INFO -    ✓ User 6 (00000001): 5000.0 XOF → 8.00 USD
2026-05-13 16:45:41,435 - INFO -    ✓ User 85 (93947070): 1000.0 XOF → 1.60 USD
2026-05-13 16:45:41,590 - INFO -    ✓ User 4 (72199198): 1000.0 XOF → 1.60 USD
2026-05-13 16:45:41,733 - INFO -    ✓ User 25 (64903056): 1000.0 XOF → 1.60 USD
2026-05-13 16:45:41,888 - INFO -    ✓ User 27 (96812558): 1000.0 XOF → 1.60 USD
2026-05-13 16:45:42,043 - INFO -    ✓ User 28 (0584324567): 1000.0 XOF → 1.60 USD
2026-05-13 16:45:42,194 - INFO -    ✓ User 3 (96200865): 1000.0 XOF → 1.60 USD
2026-05-13 16:45:42,356 - INFO -    ✓ User 13 (0778755378): 1000.0 XOF → 1.60 USD
2026-05-13 16:45:42,528 - INFO -    ✓ User 11 (90963577): 1000.0 XOF → 1.60 USD
2026-05-13 16:45:42,666 - INFO -    ✓ User 12 (72 18 07 08): 1000.0 XOF → 1.60 USD
2026-05-13 16:45:42,823 - INFO -    ✓ User 15 (91754820): 1000.0 XOF → 1.60 USD
2026-05-13 16:45:42,979 - INFO -    ✓ User 14 (677989694): 1000.0 XOF → 1.60 USD
2026-05-13 16:45:43,148 - INFO -    ✓ User 16 (07369781): 1000.0 XOF → 1.60 USD
2026-05-13 16:45:43,292 - INFO -    ✓ User 30 (97330023): 1000.0 XOF → 1.60 USD
2026-05-13 16:45:43,439 - INFO -    ✓ User 5 (72211538): 3400.0 XOF → 5.44 USD
2026-05-13 16:45:43,597 - INFO -    ✓ User 19 (0711410241): 1000.0 XOF → 1.60 USD
2026-05-13 16:45:43,752 - INFO -    ✓ User 18 (0140804709): 1000.0 XOF → 1.60 USD
2026-05-13 16:45:43,912 - INFO -    ✓ User 20 (651137807): 1000.0 XOF → 1.60 USD
2026-05-13 16:45:44,057 - INFO -    ✓ User 21 (+24165611732): 1000.0 XOF → 1.60 USD
2026-05-13 16:45:44,194 - INFO -    ✓ User 22 (58421541): 1000.0 XOF → 1.60 USD
2026-05-13 16:45:44,343 - INFO -    ✓ User 23 (622334455): 1000.0 XOF → 1.60 USD
2026-05-13 16:45:44,538 - INFO -    ✓ User 24 (237694886677): 1000.0 XOF → 1.60 USD
2026-05-13 16:45:44,721 - INFO -    ✓ User 7 (695579234): 1000.0 XOF → 1.60 USD
2026-05-13 16:45:44,984 - INFO -    ✓ User 39 (52525252): 1000.0 XOF → 1.60 USD
2026-05-13 16:45:45,141 - INFO -    ✓ User 31 (04456998): 1000.0 XOF → 1.60 USD
2026-05-13 16:45:45,305 - INFO -    ✓ User 32 (77004147): 1000.0 XOF → 1.60 USD
2026-05-13 16:45:45,454 - INFO -    ✓ User 33 (67772123): 1000.0 XOF → 1.60 USD
2026-05-13 16:45:45,613 - INFO -    ✓ User 34 (92090762): 1000.0 XOF → 1.60 USD
2026-05-13 16:45:45,777 - INFO -    ✓ User 35 (75990410): 1000.0 XOF → 1.60 USD
2026-05-13 16:45:45,927 - INFO -    ✓ User 36 (56088052): 1000.0 XOF → 1.60 USD
2026-05-13 16:45:46,106 - INFO -    ✓ User 37 (77553488): 1000.0 XOF → 1.60 USD
2026-05-13 16:45:46,287 - INFO -    ✓ User 38 (56565653): 1000.0 XOF → 1.60 USD
2026-05-13 16:45:46,437 - INFO -    ✓ User 40 (74965641): 1000.0 XOF → 1.60 USD
2026-05-13 16:45:46,623 - INFO -    ✓ User 41 (77548007): 1000.0 XOF → 1.60 USD
2026-05-13 16:45:46,776 - INFO -    ✓ User 42 (69741248): 1000.0 XOF → 1.60 USD
2026-05-13 16:45:46,944 - INFO -    ✓ User 43 (76998898): 1000.0 XOF → 1.60 USD
2026-05-13 16:45:47,095 - INFO -    ✓ User 44 (74330845): 1000.0 XOF → 1.60 USD
2026-05-13 16:45:47,280 - INFO -    ✓ User 45 (0170366025): 1000.0 XOF → 1.60 USD
2026-05-13 16:45:47,428 - INFO -    ✓ User 46 (620202020): 1000.0 XOF → 1.60 USD
2026-05-13 16:45:47,617 - INFO -    ✓ User 47 (87868203): 1000.0 XOF → 1.60 USD
2026-05-13 16:45:47,774 - INFO -    ✓ User 48 (87 86 82 03): 1000.0 XOF → 1.60 USD
2026-05-13 16:45:47,930 - INFO -    ✓ User 49 (68654392): 1000.0 XOF → 1.60 USD
2026-05-13 16:45:48,101 - INFO -    ✓ User 50 (5869856855): 1000.0 XOF → 1.60 USD
2026-05-13 16:45:48,258 - INFO -    ✓ User 51 (55367969): 1000.0 XOF → 1.60 USD
2026-05-13 16:45:48,413 - INFO -    ✓ User 52 (6660066): 1000.0 XOF → 1.60 USD
2026-05-13 16:45:48,572 - INFO -    ✓ User 53 (66660066): 1000.0 XOF → 1.60 USD
2026-05-13 16:45:48,747 - INFO -    ✓ User 54 (50817673): 1000.0 XOF → 1.60 USD
2026-05-13 16:45:48,907 - INFO -    ✓ User 55 (54349371): 1000.0 XOF → 1.60 USD
2026-05-13 16:45:49,060 - INFO -    ✓ User 56 (695096967): 1000.0 XOF → 1.60 USD
2026-05-13 16:45:49,192 - INFO -    ✓ User 71 (0195128616): 1000.0 XOF → 1.60 USD
2026-05-13 16:45:49,351 - INFO -    ✓ User 58 (0507404751): 1000.0 XOF → 1.60 USD
2026-05-13 16:45:49,517 - INFO -    ✓ User 72 (0596067161): 1000.0 XOF → 1.60 USD
2026-05-13 16:45:49,663 - INFO -    ✓ User 57 (96427313): 2200.0 XOF → 3.52 USD
2026-05-13 16:45:49,818 - INFO -    ✓ User 59 (689776310): 1000.0 XOF → 1.60 USD
2026-05-13 16:45:49,975 - INFO -    ✓ User 60 (96248435): 1000.0 XOF → 1.60 USD
2026-05-13 16:45:50,132 - INFO -    ✓ User 61 (72161412): 1000.0 XOF → 1.60 USD
2026-05-13 16:45:50,292 - INFO -    ✓ User 62 (90543507): 1000.0 XOF → 1.60 USD
2026-05-13 16:45:50,461 - INFO -    ✓ User 63 (76602366): 1000.0 XOF → 1.60 USD
2026-05-13 16:45:50,616 - INFO -    ✓ User 64 (90337795): 1000.0 XOF → 1.60 USD
2026-05-13 16:45:50,770 - INFO -    ✓ User 65 (66752692): 1000.0 XOF → 1.60 USD
2026-05-13 16:45:50,916 - INFO -    ✓ User 66 (0708371912): 1000.0 XOF → 1.60 USD
2026-05-13 16:45:51,057 - INFO -    ✓ User 67 (97523069): 1000.0 XOF → 1.60 USD
2026-05-13 16:45:51,210 - INFO -    ✓ User 68 (681929278): 1000.0 XOF → 1.60 USD
2026-05-13 16:45:51,357 - INFO -    ✓ User 69 (691068961): 1000.0 XOF → 1.60 USD
2026-05-13 16:45:51,512 - INFO -    ✓ User 73 (71734608): 1000.0 XOF → 1.60 USD
2026-05-13 16:45:51,682 - INFO -    ✓ User 74 (71339325): 6750.0 XOF → 10.80 USD
2026-05-13 16:45:51,834 - INFO -    ✓ User 70 (76320057): 3400.0 XOF → 5.44 USD
2026-05-13 16:45:51,994 - INFO -    ✓ User 8 (90334870): 2200.0 XOF → 3.52 USD
2026-05-13 16:45:52,158 - INFO -    ✓ User 17 (93886991): 3400.0 XOF → 5.44 USD
2026-05-13 16:45:52,307 - INFO - ✅ 77 utilisateurs convertis
2026-05-13 16:45:52,307 - INFO - 📥 MIGRATION DES DÉPÔTS...
2026-05-13 16:45:59,372 - INFO - ✅ 43 dépôts convertis
2026-05-13 16:45:59,372 - INFO - 📈 MIGRATION DES INVESTISSEMENTS...
2026-05-13 16:45:59,836 - INFO -    ✓ Inv 8: 6250.0 XOF → 10.00 USD (revenu: 62.0 → 0.10 USD/j)
2026-05-13 16:45:59,997 - INFO -    ✓ Inv 1: 8000.0 XOF → 12.80 USD (revenu: 800.0 → 1.28 USD/j)
2026-05-13 16:46:00,148 - INFO -    ✓ Inv 2: 4000.0 XOF → 6.40 USD (revenu: 400.0 → 0.64 USD/j)
2026-05-13 16:46:00,292 - INFO -    ✓ Inv 3: 8000.0 XOF → 12.80 USD (revenu: 800.0 → 1.28 USD/j)
2026-05-13 16:46:00,448 - INFO -    ✓ Inv 4: 8000.0 XOF → 12.80 USD (revenu: 800.0 → 1.28 USD/j)
2026-05-13 16:46:00,604 - INFO -    ✓ Inv 5: 4000.0 XOF → 6.40 USD (revenu: 400.0 → 0.64 USD/j)
2026-05-13 16:46:00,748 - INFO -    ✓ Inv 6: 4000.0 XOF → 6.40 USD (revenu: 400.0 → 0.64 USD/j)
2026-05-13 16:46:00,896 - INFO -    ✓ Inv 7: 4000.0 XOF → 6.40 USD (revenu: 400.0 → 0.64 USD/j)
2026-05-13 16:46:01,048 - INFO - ✅ 8 investissements convertis
2026-05-13 16:46:01,049 - INFO - 💰 MIGRATION DES COMMISSIONS...
2026-05-13 16:46:02,828 - INFO - ✅ 9 commissions converties
2026-05-13 16:46:02,829 - INFO - 📤 MIGRATION DES RETRAITS...
2026-05-13 16:46:04,091 - INFO - ✅ 5 retraits convertis
2026-05-13 16:46:04,092 - INFO - 🏦 MIGRATION DES STAKING...
2026-05-13 16:46:04,545 - INFO - ✅ 0 staking convertis
2026-05-13 16:46:04,545 - INFO - 🔍 VALIDATION DE LA MIGRATION...
2026-05-13 16:46:05,005 - INFO - ✅ VALIDATION RÉUSSIE
2026-05-13 16:46:05,005 - INFO -    - 77 utilisateurs avec solde
2026-05-13 16:46:05,005 - INFO -    - User 98254088: 1.60 USD
2026-05-13 16:46:05,006 - INFO -    - User 71609808: 1.60 USD
2026-05-13 16:46:05,006 - INFO -    - User 99099065: 1.60 USD
2026-05-13 16:46:05,006 - INFO -    - User 07369781: 1.60 USD
2026-05-13 16:46:05,006 - INFO -    - User 97330023: 1.60 USD
2026-05-13 16:46:05,151 - INFO - ======================================================================
2026-05-13 16:46:05,152 - INFO - ✅ MIGRATION TERMINÉE AVEC SUCCÈS
2026-05-13 16:46:05,152 - INFO - ======================================================================
