2026-05-13 16:16:51,518 - INFO - ======================================================================
2026-05-13 16:16:51,518 - INFO - MIGRATION XOF → USD/EUR
2026-05-13 16:16:51,519 - INFO - ======================================================================
2026-05-13 16:16:51,519 - INFO - Mode : RÉEL
2026-05-13 16:16:51,519 - INFO - Taux : 1 USD = 625 XOF, 1 EUR = 655.957 XOF
2026-05-13 16:16:51,520 - INFO - ======================================================================
2026-05-13 16:16:52,002 - INFO - 🔒 CRÉATION DU BACKUP...
2026-05-13 16:16:56,116 - ERROR - ❌ Erreur backup : (psycopg2.errors.UndefinedTable) relation "userwallet" does not exist
LINE 3:                 FROM userwallet
                             ^

[SQL: 
                SELECT id, user_phone, currency, balance
                FROM userwallet
            ]
(Background on this error at: https://sqlalche.me/e/20/f405)
2026-05-13 16:16:56,117 - ERROR - ❌ MIGRATION ÉCHOUÉE : (psycopg2.errors.UndefinedTable) relation "userwallet" does not exist
LINE 3:                 FROM userwallet
                             ^

[SQL: 
                SELECT id, user_phone, currency, balance
                FROM userwallet
            ]
(Background on this error at: https://sqlalche.me/e/20/f405)
2026-05-13 16:16:56,117 - ERROR -    Les données n'ont pas été modifiées (transaction rollback)
